<?xml version="1.0" encoding="UTF-8"?>
<!-- Generated by org.testng.reporters.JUnitXMLReporter -->
<testsuite hostname="DESKTOP-LB2MBC3" ignored="0" name="Run on chrome_ui" tests="4" failures="0" timestamp="12 Jan 2021 02:27:09 GMT" time="54.424" errors="0">
  <testcase name="TC_01_Sort_Product_Name" time="10.726" classname="com.saucelab.Level_20_Sort_ASC_DESC"/>
  <testcase name="TC_02_Sort_Product_Price" time="10.675" classname="com.saucelab.Level_20_Sort_ASC_DESC"/>
  <testcase name="TC_03_Account_Information" time="0.002" classname="com.saucelab.Level_20_Sort_ASC_DESC"/>
  <testcase name="TC_11_Search_Product" time="0.002" classname="com.saucelab.Level_20_Sort_ASC_DESC"/>
</testsuite> <!-- Run on chrome_ui -->
