<?xml version="1.0" encoding="UTF-8"?>
<!-- Generated by org.testng.reporters.JUnitXMLReporter -->
<testsuite hostname="PhuongMinh" ignored="0" name="Run on chrome_ui" tests="2" failures="0" timestamp="08 thg 3 2021 09:16:13 GMT" time="0.486" errors="0">
  <testcase name="@BeforeClass beforeClass" time="0.056" classname="com.liveguru.user.Level_21_Upgrade_Environment">
    <failure type="java.lang.NullPointerException">
      <![CDATA[java.lang.NullPointerException
at java.util.Hashtable.put(Hashtable.java:460)
at java.util.Properties.setProperty(Properties.java:166)
at org.aeonbits.owner.DefaultFactory.setProperty(DefaultFactory.java:54)
at org.aeonbits.owner.ConfigFactory.setProperty(ConfigFactory.java:86)
at com.liveguru.user.Level_21_Upgrade_Environment.beforeClass(Level_21_Upgrade_Environment.java:37)
... Removed 26 stack frames]]>
    </failure>
  </testcase> <!-- @BeforeClass beforeClass -->
  <testcase name="@AfterClass afterClass" time="0.0" classname="com.liveguru.user.Level_21_Upgrade_Environment">
    <skipped/>
  </testcase> <!-- @AfterClass afterClass -->
  <testcase name="TC_02_Login_To_System" time="0.0" classname="com.liveguru.user.Level_21_Upgrade_Environment">
    <skipped/>
  </testcase> <!-- TC_02_Login_To_System -->
  <testcase name="TC_03_Account_Information" time="0.0" classname="com.liveguru.user.Level_21_Upgrade_Environment">
    <skipped/>
  </testcase> <!-- TC_03_Account_Information -->
</testsuite> <!-- Run on chrome_ui -->
