<?xml version="1.0" encoding="UTF-8"?>
<testsuite name="Run on chrome_ui"
           tests="4"
           failures="1"
           errors="0"
           skipped="3"
           time="0,056">
  <properties />
            <testcase name="beforeClass" time="0,056" classname="com.liveguru.user.Level_21_Upgrade_Environment">
                <failure type="java.lang.NullPointerException"
                  message="(null)"
              >
<![CDATA[java.lang.NullPointerException
  java.util.Hashtable.put(Hashtable.java:460)
  java.util.Properties.setProperty(Properties.java:166)
  org.aeonbits.owner.DefaultFactory.setProperty(DefaultFactory.java:54)
  org.aeonbits.owner.ConfigFactory.setProperty(ConfigFactory.java:86)
  com.liveguru.user.Level_21_Upgrade_Environment.beforeClass(Level_21_Upgrade_Environment.java:37)
  sun.reflect.NativeMethodAccessorImpl.invoke0(Native Method)
  sun.reflect.NativeMethodAccessorImpl.invoke(NativeMethodAccessorImpl.java:62)
  sun.reflect.DelegatingMethodAccessorImpl.invoke(DelegatingMethodAccessorImpl.java:43)
  java.lang.reflect.Method.invoke(Method.java:498)
  org.testng.internal.MethodInvocationHelper.invokeMethod(MethodInvocationHelper.java:124)
  org.testng.internal.MethodInvocationHelper.invokeMethodConsideringTimeout(MethodInvocationHelper.java:59)
  org.testng.internal.Invoker.invokeConfigurationMethod(Invoker.java:458)
  org.testng.internal.Invoker.invokeConfigurations(Invoker.java:222)
  org.testng.internal.Invoker.invokeConfigurations(Invoker.java:142)
  org.testng.internal.TestMethodWorker.invokeBeforeClassMethods(TestMethodWorker.java:168)
  org.testng.internal.TestMethodWorker.run(TestMethodWorker.java:105)
  org.testng.TestRunner.privateRun(TestRunner.java:648)
  org.testng.TestRunner.run(TestRunner.java:505)
  org.testng.SuiteRunner.runTest(SuiteRunner.java:455)
  org.testng.SuiteRunner.runSequentially(SuiteRunner.java:450)
  org.testng.SuiteRunner.privateRun(SuiteRunner.java:415)
  org.testng.SuiteRunner.run(SuiteRunner.java:364)
  org.testng.SuiteRunnerWorker.runSuite(SuiteRunnerWorker.java:52)
  org.testng.SuiteRunnerWorker.run(SuiteRunnerWorker.java:84)
  org.testng.TestNG.runSuitesSequentially(TestNG.java:1208)
  org.testng.TestNG.runSuitesLocally(TestNG.java:1137)
  org.testng.TestNG.runSuites(TestNG.java:1049)
  org.testng.TestNG.run(TestNG.java:1017)
  org.testng.remote.AbstractRemoteTestNG.run(AbstractRemoteTestNG.java:115)
  org.testng.remote.RemoteTestNG.initAndRun(RemoteTestNG.java:251)
  org.testng.remote.RemoteTestNG.main(RemoteTestNG.java:77)
]]>
      </failure>

          </testcase>
  
            <testcase name="afterClass" time="0.0" classname="com.liveguru.user.Level_21_Upgrade_Environment">
          <skipped />
    </testcase>
            <testcase name="TC_02_Login_To_System" time="0.0" classname="com.liveguru.user.Level_21_Upgrade_Environment">
          <skipped />
    </testcase>
            <testcase name="TC_03_Account_Information" time="0.0" classname="com.liveguru.user.Level_21_Upgrade_Environment">
          <skipped />
    </testcase>
  
  
</testsuite>
