<?xml version="1.0" encoding="UTF-8"?>
<testng-results skipped="0" failed="0" ignored="0" total="4" passed="4">
  <reporter-output>
    <line>
      <![CDATA[[INFO ] [2021-01-12 09:26:47,488] TC_01_Sort_Product_Name: Name (A to Z)
<br>]]>
    </line>
    <line>
      <![CDATA[[INFO ] [2021-01-12 09:26:52,827]  -------------------------- PASSED -------------------------- 
<br>]]>
    </line>
    <line>
      <![CDATA[[INFO ] [2021-01-12 09:26:52,829] TC_01_Sort_Product_Name: Name (Z to A)
<br>]]>
    </line>
    <line>
      <![CDATA[[INFO ] [2021-01-12 09:26:58,164]  -------------------------- PASSED -------------------------- 
<br>]]>
    </line>
    <line>
      <![CDATA[[INFO ] [2021-01-12 09:26:58,249] TC_02_Sort_Product_Price: Price (low to high)
<br>]]>
    </line>
    <line>
      <![CDATA[[INFO ] [2021-01-12 09:27:03,591]  -------------------------- PASSED -------------------------- 
<br>]]>
    </line>
    <line>
      <![CDATA[[INFO ] [2021-01-12 09:27:03,591] TC_02_Sort_Product_Price: Price (high to low)
<br>]]>
    </line>
    <line>
      <![CDATA[[INFO ] [2021-01-12 09:27:08,921]  -------------------------- PASSED -------------------------- 
<br>]]>
    </line>
  </reporter-output>
  <suite name="Sauce lab" duration-ms="54424" started-at="2021-01-12T02:26:15Z" finished-at="2021-01-12T02:27:09Z">
    <groups>
    </groups>
    <test name="Run on chrome_ui" duration-ms="54424" started-at="2021-01-12T02:26:15Z" finished-at="2021-01-12T02:27:09Z">
      <class name="com.saucelab.Level_20_Sort_ASC_DESC">
        <test-method status="PASS" signature="beforeClass(java.lang.String, java.lang.String)[pri:0, instance:com.saucelab.Level_20_Sort_ASC_DESC@56bc3fac]" name="beforeClass" is-config="true" duration-ms="32260" started-at="2021-01-12T02:26:15Z" finished-at="2021-01-12T02:26:47Z">
          <params>
            <param index="0">
              <value>
                <![CDATA[chrome_ui]]>
              </value>
            </param>
            <param index="1">
              <value>
                <![CDATA[https://www.saucedemo.com/inventory]]>
              </value>
            </param>
          </params>
          <reporter-output>
          </reporter-output>
        </test-method> <!-- beforeClass -->
        <test-method status="PASS" signature="TC_01_Sort_Product_Name()[pri:0, instance:com.saucelab.Level_20_Sort_ASC_DESC@56bc3fac]" name="TC_01_Sort_Product_Name" duration-ms="10726" started-at="2021-01-12T02:26:47Z" finished-at="2021-01-12T02:26:58Z">
          <reporter-output>
            <line>
              <![CDATA[[INFO ] [2021-01-12 09:26:47,488] TC_01_Sort_Product_Name: Name (A to Z)
<br>]]>
            </line>
            <line>
              <![CDATA[[INFO ] [2021-01-12 09:26:52,827]  -------------------------- PASSED -------------------------- 
<br>]]>
            </line>
            <line>
              <![CDATA[[INFO ] [2021-01-12 09:26:52,829] TC_01_Sort_Product_Name: Name (Z to A)
<br>]]>
            </line>
            <line>
              <![CDATA[[INFO ] [2021-01-12 09:26:58,164]  -------------------------- PASSED -------------------------- 
<br>]]>
            </line>
          </reporter-output>
        </test-method> <!-- TC_01_Sort_Product_Name -->
        <test-method status="PASS" signature="TC_02_Sort_Product_Price()[pri:0, instance:com.saucelab.Level_20_Sort_ASC_DESC@56bc3fac]" name="TC_02_Sort_Product_Price" duration-ms="10675" started-at="2021-01-12T02:26:58Z" finished-at="2021-01-12T02:27:08Z">
          <reporter-output>
            <line>
              <![CDATA[[INFO ] [2021-01-12 09:26:58,249] TC_02_Sort_Product_Price: Price (low to high)
<br>]]>
            </line>
            <line>
              <![CDATA[[INFO ] [2021-01-12 09:27:03,591]  -------------------------- PASSED -------------------------- 
<br>]]>
            </line>
            <line>
              <![CDATA[[INFO ] [2021-01-12 09:27:03,591] TC_02_Sort_Product_Price: Price (high to low)
<br>]]>
            </line>
            <line>
              <![CDATA[[INFO ] [2021-01-12 09:27:08,921]  -------------------------- PASSED -------------------------- 
<br>]]>
            </line>
          </reporter-output>
        </test-method> <!-- TC_02_Sort_Product_Price -->
        <test-method status="PASS" signature="TC_03_Account_Information()[pri:0, instance:com.saucelab.Level_20_Sort_ASC_DESC@56bc3fac]" name="TC_03_Account_Information" duration-ms="2" started-at="2021-01-12T02:27:08Z" finished-at="2021-01-12T02:27:08Z">
          <reporter-output>
          </reporter-output>
        </test-method> <!-- TC_03_Account_Information -->
        <test-method status="PASS" signature="TC_11_Search_Product()[pri:0, instance:com.saucelab.Level_20_Sort_ASC_DESC@56bc3fac]" name="TC_11_Search_Product" duration-ms="2" started-at="2021-01-12T02:27:08Z" finished-at="2021-01-12T02:27:08Z">
          <reporter-output>
          </reporter-output>
        </test-method> <!-- TC_11_Search_Product -->
        <test-method status="PASS" signature="afterClass()[pri:0, instance:com.saucelab.Level_20_Sort_ASC_DESC@56bc3fac]" name="afterClass" is-config="true" duration-ms="639" started-at="2021-01-12T02:27:08Z" finished-at="2021-01-12T02:27:09Z">
          <reporter-output>
          </reporter-output>
        </test-method> <!-- afterClass -->
      </class> <!-- com.saucelab.Level_20_Sort_ASC_DESC -->
    </test> <!-- Run on chrome_ui -->
  </suite> <!-- Sauce lab -->
</testng-results>
